<?xml version="1.0" encoding="UTF-8"?>
<!-- Generated by org.testng.reporters.JUnitReportReporter -->
<testsuite hostname="franciss-MacBook-Pro.local" failures="0" tests="1" name="com.inetbanking.testCases.TC_LoginTest_001" time="3.272" errors="0" timestamp="13 Apr 2023 11:32:17 GMT" skipped="0">
  <testcase classname="com.inetbanking.testCases.TC_LoginTest_001" name="loginTest" time="3.272"/>
</testsuite> <!-- com.inetbanking.testCases.TC_LoginTest_001 -->
