<?xml version="1.0" encoding="UTF-8"?>
<!-- Generated by org.testng.reporters.JUnitReportReporter -->
<testsuite hostname="franciss-MacBook-Pro.local" failures="0" tests="1" name="com.inetbanking.testCases.TC_AddCustomerTest_003" time="29.238" errors="0" timestamp="13 Apr 2023 11:32:17 GMT" skipped="0">
  <testcase classname="com.inetbanking.testCases.TC_AddCustomerTest_003" name="addNewCustomer" time="29.238"/>
</testsuite> <!-- com.inetbanking.testCases.TC_AddCustomerTest_003 -->
