<?xml version="1.0" encoding="UTF-8"?>
<!-- Generated by org.testng.reporters.JUnitReportReporter -->
<testsuite hostname="franciss-MacBook-Pro.local" failures="0" tests="1" name="com.inetbanking.testCases.TC_Withdrawal_005" time="26.627" errors="0" timestamp="13 Apr 2023 12:22:48 GMT" skipped="0">
  <testcase classname="com.inetbanking.testCases.TC_Withdrawal_005" name="withdrawFromAccount" time="26.627"/>
</testsuite> <!-- com.inetbanking.testCases.TC_Withdrawal_005 -->
