<?xml version="1.0" encoding="UTF-8"?>
<!-- Generated by org.testng.reporters.JUnitReportReporter -->
<testsuite hostname="franciss-MacBook-Pro.local" failures="0" tests="1" name="com.inetbanking.testCases.TC_CreateCustomerAccount_004" time="22.308" errors="0" timestamp="13 Apr 2023 12:15:52 GMT" skipped="0">
  <testcase classname="com.inetbanking.testCases.TC_CreateCustomerAccount_004" name="createNewCustomerAccount" time="22.308"/>
</testsuite> <!-- com.inetbanking.testCases.TC_CreateCustomerAccount_004 -->
